sync_local_cloud.log

sending incremental file list
.stignore

sent 141 bytes  received 35 bytes  352.00 bytes/sec
total size is 18  speedup is 0.10
sending incremental file list
./
20220324_205318.jpg
.stfolder/

sent 2,331,091 bytes  received 46 bytes  4,662,274.00 bytes/sec
total size is 2,338,138  speedup is 1.00
sending incremental file list
./
2814/
2814/Rain Temple/
2814/Rain Temple/01 Before the Rain.flac
2814/Rain Temple/02 Eyes of the Temple.flac
2814/Rain Temple/03 Lost in a Dream.flac
2814/Rain Temple/04 Guided by Love.flac
2814/Rain Temple/05 Transference.flac
2814/Rain Temple/06 This Body.flac
2814/Rain Temple/07 Contact.flac
2814/Rain Temple/08 Inside the Sphere.flac
2814/新しい日の誕生/
2814/新しい日の誕生/01 恢复.flac
2814/新しい日の誕生/02 遠くの愛好家.flac
2814/新しい日の誕生/03 新宿ゴールデン街.flac
2814/新しい日の誕生/04 ふわっと.flac
2814/新しい日の誕生/05 悲哀.flac
2814/新しい日の誕生/06 真実の恋.flac
2814/新しい日の誕生/07 テレパシー.flac
2814/新しい日の誕生/08 新しい日の誕生.flac
ATONE/
ATONE/ATONE/
ATONE/ATONE/01 Divine Degradation.flac
ATONE/ATONE/02 Empty Empathy.flac
ATONE/ATONE/03 Bated Breath.flac
ATONE/ATONE/04 Triumphant Tyranny.flac
AURAS/
AURAS/Binary Garden/
AURAS/Binary Garden/01 Momenta.flac
AURAS/Binary Garden/02 Pseudo Intelect.flac
AURAS/Binary Garden/03 Erode.flac
AURAS/Binary Garden/04 Another Place.flac
AURAS/Binary Garden/05 Whiteout.flac
AURAS/Binary Garden/06 Disenchant.flac
AURAS/Binary Garden/07 The Last Canary.flac
AURAS/Binary Garden/08 The Demoness.flac
AURAS/Binary Garden/09 Essence.flac
AURAS/Binary Garden/10 Abyss.flac
Adele/
Adele/21/
Adele/21/01 Rolling in the Deep.mp3
Adele/21/02 Rumour Has It.mp3
Adele/21/03 Turning Tables.mp3
Adele/21/04 Don't You Remember.mp3
Adele/21/05 Set Fire to the Rain.mp3
Adele/21/06 He Won't Go.mp3
Adele/21/07 Take It All.mp3
Adele/21/08 I'll Be Waiting.mp3
Adele/21/09 One and Only.mp3
Adele/21/10 Lovesong.mp3
Adele/21/11 Someone Like You.mp3
Aethereus/
Aethereus/Leiden/
Aethereus/Leiden/01 Aberration.flac
Aethereus/Leiden/02 Endless Cycle of Rebirth.flac
Aethereus/Leiden/03 Shrouded in Kaleidoscopic Skin.flac
Aethereus/Leiden/04 Behold, the World Eater.flac
Aethereus/Leiden/05 The Living Abyss.flac
Aethereus/Leiden/06 Leiden.flac
Aethereus/Leiden/07 Son of a Nameless Father.flac
Aethereus/Leiden/08 Upon Infinite Seas.flac
Alghazanth/
Alghazanth/The Three-Faced Pilgrim/
Alghazanth/The Three-Faced Pilgrim/01 In Your Midnight Orchard.flac
Alghazanth/The Three-Faced Pilgrim/02 To the Pearl on High.flac
Alghazanth/The Three-Faced Pilgrim/03 Promethean Permutation.flac
Alghazanth/The Three-Faced Pilgrim/04 Adramelektaus.flac
Alghazanth/The Three-Faced Pilgrim/05 As It Is Fated.flac
Alghazanth/The Three-Faced Pilgrim/06 With Sickle, With Scythe.flac
American Authors/
American Authors/Oh, What a Life/
American Authors/Oh, What a Life/03 Best Day of My Life.mp3
Ariana Grande featuring Iggy Azalea/
Ariana Grande featuring Iggy Azalea/Problem (single)/
Ariana Grande featuring Iggy Azalea/Problem (single)/01 Problem.mp3
Bastille/
Bastille/Bad Blood/
Bastille/Bad Blood/01 Pompeii.mp3
Battle Dagorath/
Battle Dagorath/II - Frozen Light of Eternal Darkness/
Battle Dagorath/II - Frozen Light of Eternal Darkness/01 The Great Untuning.flac
Battle Dagorath/II - Frozen Light of Eternal Darkness/02 Death ov Aeons.flac
Battle Dagorath/II - Frozen Light of Eternal Darkness/03 Asteres Planetai.flac
Battle Dagorath/II - Frozen Light of Eternal Darkness/04 Cast Their Ashes to the North Wind.flac
Battle Dagorath/II - Frozen Light of Eternal Darkness/05 Evoking the Mirrors.flac
Battle Dagorath/II - Frozen Light of Eternal Darkness/06 Fire Born from the Seer's Light.flac
Battle Dagorath/II - Frozen Light of Eternal Darkness/07 Supernal Realms.flac
Battle Dagorath/II - Frozen Light of Eternal Darkness/08 Ignis Fatuus.flac
Big Sean/
Big Sean/Bounce Back (single)/
Big Sean/Bounce Back (single)/01 Bounce Back.mp3
Billy Joel/
Billy Joel/The Essential Billy Joel/
Billy Joel/The Essential Billy Joel/1-01 Billy Joel - Piano Man.flac
Billy Joel/The Essential Billy Joel/1-02 Billy Joel - You're My Home.flac
Billy Joel/The Essential Billy Joel/1-03 Billy Joel - Captain Jack.flac
Billy Joel/The Essential Billy Joel/1-04 Billy Joel - The Entertainer.flac
Billy Joel/The Essential Billy Joel/1-05 Billy Joel - Say Goodbye to Hollywood.flac
Billy Joel/The Essential Billy Joel/1-06 Billy Joel - Miami 2017 (Seen the Lights Go Out on Broadway).flac
Billy Joel/The Essential Billy Joel/1-07 Billy Joel - New York State of Mind.flac
Billy Joel/The Essential Billy Joel/1-08 Billy Joel - She's Always a Woman.flac
Billy Joel/The Essential Billy Joel/1-09 Billy Joel - Movin' Out (Anthony's Song).flac
Billy Joel/The Essential Billy Joel/1-10 Billy Joel - Only the Good Die Young.flac
Billy Joel/The Essential Billy Joel/1-11 Billy Joel - Just the Way You Are.flac
Billy Joel/The Essential Billy Joel/1-12 Billy Joel - Honesty.flac
Billy Joel/The Essential Billy Joel/1-13 Billy Joel - My Life.flac
Billy Joel/The Essential Billy Joel/1-14 Billy Joel - It's Still Rock and Roll to Me.flac
Billy Joel/The Essential Billy Joel/1-15 Billy Joel - You May Be Right.flac
Billy Joel/The Essential Billy Joel/1-16 Billy Joel - Don't Ask Me Why.flac
Billy Joel/The Essential Billy Joel/1-17 Billy Joel - She's Got a Way.flac
Billy Joel/The Essential Billy Joel/1-18 Billy Joel - Allentown.flac
Billy Joel/The Essential Billy Joel/2-01 Billy Joel - Goodnight Saigon.flac
Billy Joel/The Essential Billy Joel/2-02 Billy Joel - An Innocent Man.flac
Billy Joel/The Essential Billy Joel/2-03 Billy Joel - Uptown Girl.flac
Billy Joel/The Essential Billy Joel/2-04 Billy Joel - The Longest Time.flac
Billy Joel/The Essential Billy Joel/2-05 Billy Joel - Tell Her About It.flac
Billy Joel/The Essential Billy Joel/2-06 Billy Joel - Leave a Tender Moment Alone.flac
Billy Joel/The Essential Billy Joel/2-07 Billy Joel - A Matter of Trust.flac
Billy Joel/The Essential Billy Joel/2-08 Billy Joel with Ray Charles - Baby Grand.flac
Billy Joel/The Essential Billy Joel/2-09 Billy Joel - I Go to Extremes.flac
Billy Joel/The Essential Billy Joel/2-10 Billy Joel - We Didn't Start the Fire.flac
Billy Joel/The Essential Billy Joel/2-11 Billy Joel - Leningrad.flac
Billy Joel/The Essential Billy Joel/2-12 Billy Joel - The Downeaster ″Alexa″.flac
Billy Joel/The Essential Billy Joel/2-13 Billy Joel - And So It Goes.flac
Billy Joel/The Essential Billy Joel/2-14 Billy Joel - The River of Dreams.flac
Billy Joel/The Essential Billy Joel/2-15 Billy Joel - All About Soul (remix).flac
Billy Joel/The Essential Billy Joel/2-16 Billy Joel - Lullabye (Goodnight, My Angel).flac
Billy Joel/The Essential Billy Joel/2-17 Billy Joel - Waltz #1 (Nunley's Carousel).flac
Billy Joel/The Essential Billy Joel/2-18 Billy Joel - Invention in C Minor.flac
Bing Crosby/
Bing Crosby/White Christmas/
Bing Crosby/White Christmas/10 Bing Crosby - It's Beginning to Look Like Christmas.mp3
Bruno Mars/
Bruno Mars/Doo-Wops & Hooligans/
Bruno Mars/Doo-Wops & Hooligans/05 Bruno Mars - The Lazy Song.mp3
Capital Cities/
Capital Cities/In a Tidal Wave of Mystery/
Capital Cities/In a Tidal Wave of Mystery/01 Capital Cities - Safe and Sound.mp3
Charli XCX/
Charli XCX/Sucker/
Charli XCX/Sucker/06 Boom Clap.mp3
Coldplay/
Coldplay/Viva la Vida or Death and All His Friends/
Coldplay/Viva la Vida or Death and All His Friends/07 Viva la vida.mp3
Cosmic Putrefaction/
Cosmic Putrefaction/At the Threshold of the Greatest Chasm/
Cosmic Putrefaction/At the Threshold of the Greatest Chasm/01 The Perpetual Orbit.flac
Cosmic Putrefaction/At the Threshold of the Greatest Chasm/02 The Acrimonious Darkness.flac
Cosmic Putrefaction/At the Threshold of the Greatest Chasm/03 The Unheard Shrieks.flac
Cosmic Putrefaction/At the Threshold of the Greatest Chasm/04 The Herald Prophecy.flac
Cosmic Putrefaction/At the Threshold of the Greatest Chasm/05 The Ancient Demagogue.flac
Cosmic Putrefaction/At the Threshold of the Greatest Chasm/06 The Outermost Threat - Part I.flac
Cosmic Putrefaction/At the Threshold of the Greatest Chasm/07 The Outermost Threat - Part II.flac
Cosmic Putrefaction/At the Threshold of the Greatest Chasm/08 The Ruinous Downfall.flac
Cosmic Putrefaction/At the Threshold of the Greatest Chasm/09 The Dismal Black Nothingness.flac
Crystal Viper/
Crystal Viper/The Cult/
Crystal Viper/The Cult/1-01 Providence.flac
Crystal Viper/The Cult/1-02 The Cult.flac
Crystal Viper/The Cult/1-03 Whispers from Beyond.flac
Crystal Viper/The Cult/1-04 Down in the Crypt.flac
Crystal Viper/The Cult/1-05 Sleeping Giants.flac
Crystal Viper/The Cult/1-06 Forgotten Land.flac
Crystal Viper/The Cult/1-07 Asenath Waite.flac
Crystal Viper/The Cult/1-08 The Calling.flac
Crystal Viper/The Cult/1-09 Flaring Madness.flac
Crystal Viper/The Cult/1-10 Lost in the Dark.flac
Crystal Viper/The Cult/2-01 Providence.flac
Crystal Viper/The Cult/2-02 The Cult (Shred Version).flac
Crystal Viper/The Cult/2-03 Whispers from Beyond (Shred Version).flac
Crystal Viper/The Cult/2-04 Down in the Crypt (Shred Version).flac
Crystal Viper/The Cult/2-05 Sleeping Giants (Shred Version).flac
Crystal Viper/The Cult/2-06 Forgotten Land (Shred Version).flac
Crystal Viper/The Cult/2-07 Asenath Waite (Shred Version).flac
Crystal Viper/The Cult/2-08 The Calling (Shred Version).flac
Crystal Viper/The Cult/2-09 Flaring Madness (Shred Version).flac
Crystal Viper/The Cult/2-10 Lost in the Dark (Shred Version).flac
Crystal Viper/The Last Axeman EP/
Crystal Viper/The Last Axeman EP/01 The Last Axeman (Re-Recorded).flac
Crystal Viper/The Last Axeman EP/02 In the Haunted Chapel.flac
Crystal Viper/The Last Axeman EP/03 Улица Роз (Ария Cover).flac
Crystal Viper/The Last Axeman EP/04 It's Electric (Diamond Head Cover).flac
Crystal Viper/The Last Axeman EP/05 The Cult.flac
Crystal Viper/The Last Axeman EP/06 Asenath Waite.flac
Crystal Viper/The Last Axeman EP/07 Whispers From Beyond.flac
Crystal Viper/The Last Axeman EP/08 Flaring Madness.flac
Curtis Mayfield/
Curtis Mayfield/Curtis/
Curtis Mayfield/Curtis/05 Move On Up.mp3
Céline Dion/
Céline Dion/Let's Talk About Love/
Céline Dion/Let's Talk About Love/12 Céline Dion - My Heart Will Go On.mp3
Defeated Sanity/
Defeated Sanity/Chapters of Repugnance/
Defeated Sanity/Chapters of Repugnance/01 Introitus.flac
Defeated Sanity/Chapters of Repugnance/02 Consumed by Repugnance.flac
Defeated Sanity/Chapters of Repugnance/03 Carnal Deliverance.flac
Defeated Sanity/Chapters of Repugnance/04 Salacious Affinity.flac
Defeated Sanity/Chapters of Repugnance/05 Engulfed in Excruciation.flac
Defeated Sanity/Chapters of Repugnance/06 Coerced Into Idolatry.flac
Defeated Sanity/Chapters of Repugnance/07 Blissfully Exsanguinated.flac
Defeated Sanity/Chapters of Repugnance/08 Calculated Barbarity.flac
Defeated Sanity/Chapters of Repugnance/09 Lurid Assimilation.flac
Defeated Sanity/Chapters of Repugnance/10 Insecta Incendium.flac
Defeated Sanity/Chapters of Repugnance/11 Psalms of the Moribund.flac
Defeated Sanity/Chapters of Repugnance/12 Martyrium.flac
Det Eviga Leendet/
Det Eviga Leendet/Lenience/
Det Eviga Leendet/Lenience/02 Ingest.flac
Det Eviga Leendet/Lenience/03 Repent.flac
Det Eviga Leendet/Lenience/04 Embark.flac
Det Eviga Leendet/Lenience/05 Stellar.flac
Det Eviga Leendet/Lenience/06 Lenience.flac
Devathorn ⁄ Inferno/Zos Vel Thagirion EP/01 Devathorn - Azazyel Iscariot.flac
Devathorn ⁄ Inferno/Zos Vel Thagirion EP/02 Devathorn - Omphalos.flac
Devathorn ⁄ Inferno/Zos Vel Thagirion EP/03 Inferno - The Solitary Immersion Into Autarchic Silence.flac
Devathorn ⁄ Inferno/Zos Vel Thagirion EP/04 Inferno - Zos Vel Thagirion.flac
Donor Lens/Miracle Lounge มิราเคิล เลานจ์/01 Miracle Water น้ํามหัศจรรย์.flac
Donor Lens/Miracle Lounge มิราเคิล เลานจ์/02 Dimensions (The Size of Your Love).flac
Donor Lens/Miracle Lounge มิราเคิล เลานจ์/03 Chita, Чита, 知多.flac
Donor Lens/Miracle Lounge มิราเคิล เลานจ์/04 The Score.flac
Donor Lens/Miracle Lounge มิราเคิล เลานจ์/05 Mistakes.flac
Donor Lens/Miracle Lounge มิราเคิล เลานจ์/06 Delete Time.flac
Donor Lens/Miracle Lounge มิราเคิล เลานจ์/07 Talking Alone.flac
Donor Lens/Miracle Lounge มิราเคิล เลานจ์/08 Lonely (Still Waiting).flac
Donor Lens/Miracle Lounge มิราเคิล เลานจ์/09 Optics.flac
Donor Lens/Miracle Lounge มิราเคิล เลานจ์/10 She Said She Said She Said She Said.flac
Donor Lens/Miracle Lounge มิราเคิล เลานจ์/11 Complimentary Buffet.flac
Donor Lens/Miracle Lounge มิราเคิล เลานจ์/12 Zamoo.flac
Donor Lens/Miracle Lounge มิราเคิล เลานจ์/13 Inflorescent, Blue.flac
Donor Lens/Miracle Lounge มิราเคิล เลานจ์/14 The Moment.flac
Donor Lens/Miracle Lounge มิราเคิล เลานจ์/15 Miracle Lounge มิราเคิล เลานจ์.flac
Donor Lens/Miracle Lounge มิราเคิล เลานจ์/16 Dimensions [Mac Lacrosse Remix].flac
Donor Lens/Miracle Lounge มิราเคิล เลานจ์/17 Delete Time [Runners Club 95 Remix].flac
Donor Lens/Miracle Lounge มิราเคิล เลานจ์/18 Miracle Water น้ํามหัศจรรย์ [Love in Dust Remix].flac
Earth, Wind & Fire/Raise!/12 Let's Groove (instrumental).mp3
Earthless/
Earthless/From the West/01 Black Heaven.flac
Earthless/From the West/02 Electric Flame.flac
Earthless/From the West/03 Gifted by the Wind.flac
Earthless/From the West/04 Uluru Rock.flac
Earthless/From the West/05 Volt Rush.flac
Earthless/From the West/06 Communication Breakdown.flac
Earthless/From the West/07 Acid Crusher.flac
Earthless/Live in the Mojave Desert, Volume 1/01 Violence of the Red Sea.flac
Earthless/Live in the Mojave Desert, Volume 1/02 Sonic Prayer.flac
Earthless/Live in the Mojave Desert, Volume 1/03 Lost in the Cold Sun.flac
Earthless/Rhythms From a Cosmic Sky/01 Godspeed.flac
Earthless/Rhythms From a Cosmic Sky/02 Sonic Prayer.flac
Earthless/Rhythms From a Cosmic Sky/03 Cherry Red.flac
Egregore/
Egregore/The Word of His Law/
Egregore/The Word of His Law/01 The Place and the Time.flac
Egregore/The Word of His Law/02 Howling Premonition.flac
Egregore/The Word of His Law/03 Exfiltrating the Triangle.flac
Egregore/The Word of His Law/04 Reborn as the Word of His Law.flac
Egregore/The Word of His Law/05 Libidinization of Will Azothic.flac
Egregore/The Word of His Law/06 An Address to Abraxas.flac
Ellie Goulding/
Ellie Goulding/On My Mind (single)/
Ellie Goulding/On My Mind (single)/01 On My Mind.mp3
Entheogen/
Entheogen/Without Veil, Nor Self/
High on Fire/
High on Fire/De Vermis Mysteriis/
Necrofier/
Negativa/
Panzerfaust/
Terminal Nation And Kruelty/

sent 10,313,515,892 bytes  received 4,337 bytes  24,238,590.43 bytes/sec
total size is 10,345,014,341  speedup is 1.00
sending incremental file list
./
Memes/
Memes/The Matrix/
Memes/The Matrix/Niche internet micro celebrity/
Memes/The Matrix/Niche internet micro celebrity/FB_IMG_1649683062711.jpg

sent 29,383 bytes  received 54 bytes  58,874.00 bytes/sec
total size is 29,417  speedup is 1.00
sending incremental file list
./
desktop.ini
Motorcycle/
Motorcycle/How To CERAMIC Coat A Motorcycle... THE ULTIMATE PROTECTION.mp4

sent 1,293 bytes  received 69 bytes  2,724.00 bytes/sec
total size is 786,952  speedup is 577.79
sending incremental file list

sent 19 bytes  received 12 bytes  62.00 bytes/sec
total size is 0  speedup is 0.00
sending incremental file list

sent 19 bytes  received 12 bytes  62.00 bytes/sec
total size is 0  speedup is 0.00
sending incremental file list

sent 19 bytes  received 12 bytes  62.00 bytes/sec
total size is 0  speedup is 0.00
